2025-09-28 18:21:00 | INFO | {'message': 'I just found a story! It was exciting.', 'author': 'Alice', 'timestamp': '2025-09-28 18:21:00', 'category': 'other', 'sentiment': 0.82, 'keyword_mentioned': 'other', 'message_length': 38}
2025-09-28 18:21:05 | INFO | {'message': 'I just found a meme! It was weird.', 'author': 'Eve', 'timestamp': '2025-09-28 18:21:05', 'category': 'humor', 'sentiment': 0.4, 'keyword_mentioned': 'meme', 'message_length': 34}
2025-09-28 18:21:10 | INFO | {'message': 'I just shared recipe! It was exciting.', 'author': 'Charlie', 'timestamp': '2025-09-28 18:21:10', 'category': 'food', 'sentiment': 0.98, 'keyword_mentioned': 'recipe', 'message_length': 38}
2025-09-28 18:21:15 | INFO | {'message': 'I just tried travel! It was funny.', 'author': 'Alice', 'timestamp': '2025-09-28 18:21:15', 'category': 'travel', 'sentiment': 0.99, 'keyword_mentioned': 'travel', 'message_length': 34}
2025-09-28 18:21:20 | INFO | {'message': 'I just saw recipe! It was funny.', 'author': 'Charlie', 'timestamp': '2025-09-28 18:21:20', 'category': 'food', 'sentiment': 0.0, 'keyword_mentioned': 'recipe', 'message_length': 32}
2025-09-28 18:21:25 | INFO | {'message': 'I just shared a trick! It was funny.', 'author': 'Charlie', 'timestamp': '2025-09-28 18:21:25', 'category': 'other', 'sentiment': 0.44, 'keyword_mentioned': 'other', 'message_length': 36}
2025-09-28 18:21:30 | INFO | {'message': 'I just shared a trick! It was amazing.', 'author': 'Charlie', 'timestamp': '2025-09-28 18:21:30', 'category': 'other', 'sentiment': 0.88, 'keyword_mentioned': 'other', 'message_length': 38}
2025-09-28 18:21:35 | INFO | {'message': 'I just tried a movie! It was exciting.', 'author': 'Eve', 'timestamp': '2025-09-28 18:21:35', 'category': 'entertainment', 'sentiment': 0.7, 'keyword_mentioned': 'movie', 'message_length': 38}
2025-09-28 18:21:40 | INFO | {'message': 'I just saw Python! It was funny.', 'author': 'Alice', 'timestamp': '2025-09-28 18:21:40', 'category': 'tech', 'sentiment': 0.89, 'keyword_mentioned': 'Python', 'message_length': 32}
2025-09-28 18:21:45 | INFO | {'message': 'I just found a story! It was boring.', 'author': 'Charlie', 'timestamp': '2025-09-28 18:21:45', 'category': 'other', 'sentiment': 0.86, 'keyword_mentioned': 'other', 'message_length': 36}
2025-09-28 18:21:50 | INFO | {'message': 'I just loved a story! It was funny.', 'author': 'Eve', 'timestamp': '2025-09-28 18:21:50', 'category': 'other', 'sentiment': 0.67, 'keyword_mentioned': 'other', 'message_length': 35}
2025-09-28 18:21:55 | INFO | {'message': 'I just loved JavaScript! It was boring.', 'author': 'Charlie', 'timestamp': '2025-09-28 18:21:55', 'category': 'tech', 'sentiment': 0.74, 'keyword_mentioned': 'JavaScript', 'message_length': 39}
2025-09-28 18:22:00 | INFO | {'message': 'I just shared a trick! It was funny.', 'author': 'Charlie', 'timestamp': '2025-09-28 18:22:00', 'category': 'other', 'sentiment': 0.91, 'keyword_mentioned': 'other', 'message_length': 36}
2025-09-28 18:22:05 | INFO | {'message': 'I just found recipe! It was exciting.', 'author': 'Bob', 'timestamp': '2025-09-28 18:22:05', 'category': 'food', 'sentiment': 0.08, 'keyword_mentioned': 'recipe', 'message_length': 37}
2025-09-28 18:22:10 | INFO | {'message': 'I just saw Python! It was amazing.', 'author': 'Bob', 'timestamp': '2025-09-28 18:22:10', 'category': 'tech', 'sentiment': 0.83, 'keyword_mentioned': 'Python', 'message_length': 34}
2025-09-28 18:22:15 | INFO | {'message': 'I just shared JavaScript! It was exciting.', 'author': 'Bob', 'timestamp': '2025-09-28 18:22:15', 'category': 'tech', 'sentiment': 0.42, 'keyword_mentioned': 'JavaScript', 'message_length': 42}
2025-09-28 18:22:20 | INFO | {'message': 'I just found recipe! It was funny.', 'author': 'Bob', 'timestamp': '2025-09-28 18:22:20', 'category': 'food', 'sentiment': 0.56, 'keyword_mentioned': 'recipe', 'message_length': 34}
2025-09-28 18:22:25 | INFO | {'message': 'I just loved a meme! It was weird.', 'author': 'Eve', 'timestamp': '2025-09-28 18:22:25', 'category': 'humor', 'sentiment': 0.53, 'keyword_mentioned': 'meme', 'message_length': 34}
2025-09-28 18:22:30 | INFO | {'message': 'I just loved a movie! It was amazing.', 'author': 'Charlie', 'timestamp': '2025-09-28 18:22:30', 'category': 'entertainment', 'sentiment': 0.78, 'keyword_mentioned': 'movie', 'message_length': 37}
2025-09-28 18:22:35 | INFO | {'message': 'I just shared recipe! It was boring.', 'author': 'Charlie', 'timestamp': '2025-09-28 18:22:35', 'category': 'food', 'sentiment': 0.58, 'keyword_mentioned': 'recipe', 'message_length': 36}
2025-09-28 18:22:40 | INFO | {'message': 'I just shared game! It was boring.', 'author': 'Alice', 'timestamp': '2025-09-28 18:22:40', 'category': 'gaming', 'sentiment': 0.24, 'keyword_mentioned': 'game', 'message_length': 34}
2025-09-28 18:22:45 | INFO | {'message': 'I just found a meme! It was weird.', 'author': 'Eve', 'timestamp': '2025-09-28 18:22:45', 'category': 'humor', 'sentiment': 0.04, 'keyword_mentioned': 'meme', 'message_length': 34}
2025-09-28 18:22:50 | INFO | {'message': 'I just shared game! It was boring.', 'author': 'Charlie', 'timestamp': '2025-09-28 18:22:50', 'category': 'gaming', 'sentiment': 0.36, 'keyword_mentioned': 'game', 'message_length': 34}
2025-09-28 18:22:55 | INFO | {'message': 'I just found travel! It was funny.', 'author': 'Bob', 'timestamp': '2025-09-28 18:22:55', 'category': 'travel', 'sentiment': 0.8, 'keyword_mentioned': 'travel', 'message_length': 34}
2025-09-28 18:23:01 | INFO | {'message': 'I just loved game! It was weird.', 'author': 'Bob', 'timestamp': '2025-09-28 18:23:01', 'category': 'gaming', 'sentiment': 0.76, 'keyword_mentioned': 'game', 'message_length': 32}
2025-09-28 18:23:06 | INFO | {'message': 'I just shared a meme! It was funny.', 'author': 'Eve', 'timestamp': '2025-09-28 18:23:06', 'category': 'humor', 'sentiment': 0.44, 'keyword_mentioned': 'meme', 'message_length': 35}
2025-09-28 18:23:11 | INFO | {'message': 'I just shared a meme! It was weird.', 'author': 'Charlie', 'timestamp': '2025-09-28 18:23:11', 'category': 'humor', 'sentiment': 0.77, 'keyword_mentioned': 'meme', 'message_length': 35}
2025-09-28 18:23:16 | INFO | {'message': 'I just tried a story! It was funny.', 'author': 'Eve', 'timestamp': '2025-09-28 18:23:16', 'category': 'other', 'sentiment': 0.54, 'keyword_mentioned': 'other', 'message_length': 35}
2025-09-28 18:23:21 | INFO | {'message': 'I just tried a trick! It was weird.', 'author': 'Charlie', 'timestamp': '2025-09-28 18:23:21', 'category': 'other', 'sentiment': 0.9, 'keyword_mentioned': 'other', 'message_length': 35}
2025-09-28 18:23:26 | INFO | {'message': 'I just saw recipe! It was amazing.', 'author': 'Bob', 'timestamp': '2025-09-28 18:23:26', 'category': 'food', 'sentiment': 0.99, 'keyword_mentioned': 'recipe', 'message_length': 34}
2025-09-28 18:23:31 | INFO | {'message': 'I just found a story! It was boring.', 'author': 'Eve', 'timestamp': '2025-09-28 18:23:31', 'category': 'other', 'sentiment': 0.72, 'keyword_mentioned': 'other', 'message_length': 36}
2025-09-28 18:23:36 | INFO | {'message': 'I just saw a meme! It was boring.', 'author': 'Bob', 'timestamp': '2025-09-28 18:23:36', 'category': 'humor', 'sentiment': 0.82, 'keyword_mentioned': 'meme', 'message_length': 33}
2025-09-28 18:23:41 | INFO | {'message': 'I just shared recipe! It was boring.', 'author': 'Charlie', 'timestamp': '2025-09-28 18:23:41', 'category': 'food', 'sentiment': 0.87, 'keyword_mentioned': 'recipe', 'message_length': 36}
2025-09-28 18:23:46 | INFO | {'message': 'I just saw Python! It was exciting.', 'author': 'Eve', 'timestamp': '2025-09-28 18:23:46', 'category': 'tech', 'sentiment': 0.65, 'keyword_mentioned': 'Python', 'message_length': 35}
2025-09-28 18:23:51 | INFO | {'message': 'I just shared travel! It was weird.', 'author': 'Charlie', 'timestamp': '2025-09-28 18:23:51', 'category': 'travel', 'sentiment': 0.83, 'keyword_mentioned': 'travel', 'message_length': 35}
2025-09-28 18:23:56 | INFO | {'message': 'I just shared recipe! It was weird.', 'author': 'Eve', 'timestamp': '2025-09-28 18:23:56', 'category': 'food', 'sentiment': 0.12, 'keyword_mentioned': 'recipe', 'message_length': 35}
2025-09-28 18:24:01 | INFO | {'message': 'I just tried a movie! It was weird.', 'author': 'Charlie', 'timestamp': '2025-09-28 18:24:01', 'category': 'entertainment', 'sentiment': 0.62, 'keyword_mentioned': 'movie', 'message_length': 35}
2025-09-28 18:24:06 | INFO | {'message': 'I just saw a movie! It was weird.', 'author': 'Bob', 'timestamp': '2025-09-28 18:24:06', 'category': 'entertainment', 'sentiment': 0.82, 'keyword_mentioned': 'movie', 'message_length': 33}
2025-09-28 18:24:11 | INFO | {'message': 'I just saw an app! It was weird.', 'author': 'Charlie', 'timestamp': '2025-09-28 18:24:11', 'category': 'other', 'sentiment': 0.66, 'keyword_mentioned': 'other', 'message_length': 32}
2025-09-28 18:24:16 | INFO | {'message': 'I just loved a story! It was amazing.', 'author': 'Eve', 'timestamp': '2025-09-28 18:24:16', 'category': 'other', 'sentiment': 0.39, 'keyword_mentioned': 'other', 'message_length': 37}
2025-09-28 18:24:21 | INFO | {'message': 'I just found game! It was exciting.', 'author': 'Charlie', 'timestamp': '2025-09-28 18:24:21', 'category': 'gaming', 'sentiment': 0.38, 'keyword_mentioned': 'game', 'message_length': 35}
2025-09-28 18:24:26 | INFO | {'message': 'I just loved Python! It was funny.', 'author': 'Eve', 'timestamp': '2025-09-28 18:24:26', 'category': 'tech', 'sentiment': 0.28, 'keyword_mentioned': 'Python', 'message_length': 34}
2025-09-28 18:24:31 | INFO | {'message': 'I just saw recipe! It was funny.', 'author': 'Eve', 'timestamp': '2025-09-28 18:24:31', 'category': 'food', 'sentiment': 0.26, 'keyword_mentioned': 'recipe', 'message_length': 32}
2025-09-28 18:24:36 | INFO | {'message': 'I just tried a trick! It was weird.', 'author': 'Alice', 'timestamp': '2025-09-28 18:24:36', 'category': 'other', 'sentiment': 0.69, 'keyword_mentioned': 'other', 'message_length': 35}
2025-09-28 18:24:41 | INFO | {'message': 'I just tried Python! It was boring.', 'author': 'Charlie', 'timestamp': '2025-09-28 18:24:41', 'category': 'tech', 'sentiment': 0.87, 'keyword_mentioned': 'Python', 'message_length': 35}
2025-09-28 18:24:46 | INFO | {'message': 'I just loved Python! It was weird.', 'author': 'Alice', 'timestamp': '2025-09-28 18:24:46', 'category': 'tech', 'sentiment': 0.65, 'keyword_mentioned': 'Python', 'message_length': 34}
2025-09-28 18:24:51 | INFO | {'message': 'I just shared a story! It was boring.', 'author': 'Bob', 'timestamp': '2025-09-28 18:24:51', 'category': 'other', 'sentiment': 0.48, 'keyword_mentioned': 'other', 'message_length': 37}
2025-09-28 18:24:56 | INFO | {'message': 'I just tried JavaScript! It was weird.', 'author': 'Bob', 'timestamp': '2025-09-28 18:24:56', 'category': 'tech', 'sentiment': 0.16, 'keyword_mentioned': 'JavaScript', 'message_length': 38}
2025-09-28 18:25:01 | INFO | {'message': 'I just shared recipe! It was exciting.', 'author': 'Alice', 'timestamp': '2025-09-28 18:25:01', 'category': 'food', 'sentiment': 0.2, 'keyword_mentioned': 'recipe', 'message_length': 38}
2025-09-28 18:25:06 | INFO | {'message': 'I just tried a movie! It was exciting.', 'author': 'Eve', 'timestamp': '2025-09-28 18:25:06', 'category': 'entertainment', 'sentiment': 0.96, 'keyword_mentioned': 'movie', 'message_length': 38}
2025-09-28 18:25:11 | INFO | {'message': 'I just saw JavaScript! It was exciting.', 'author': 'Alice', 'timestamp': '2025-09-28 18:25:11', 'category': 'tech', 'sentiment': 0.57, 'keyword_mentioned': 'JavaScript', 'message_length': 39}
2025-09-28 18:25:16 | INFO | {'message': 'I just shared a movie! It was amazing.', 'author': 'Bob', 'timestamp': '2025-09-28 18:25:16', 'category': 'entertainment', 'sentiment': 0.23, 'keyword_mentioned': 'movie', 'message_length': 38}
2025-09-28 18:25:21 | INFO | {'message': 'I just loved an app! It was funny.', 'author': 'Eve', 'timestamp': '2025-09-28 18:25:21', 'category': 'other', 'sentiment': 0.29, 'keyword_mentioned': 'other', 'message_length': 34}
2025-09-28 18:25:26 | INFO | {'message': 'I just loved a movie! It was funny.', 'author': 'Bob', 'timestamp': '2025-09-28 18:25:26', 'category': 'entertainment', 'sentiment': 0.4, 'keyword_mentioned': 'movie', 'message_length': 35}
2025-09-28 18:25:31 | INFO | {'message': 'I just found a meme! It was funny.', 'author': 'Eve', 'timestamp': '2025-09-28 18:25:31', 'category': 'humor', 'sentiment': 0.51, 'keyword_mentioned': 'meme', 'message_length': 34}
2025-09-28 18:25:36 | INFO | {'message': 'I just loved game! It was weird.', 'author': 'Eve', 'timestamp': '2025-09-28 18:25:36', 'category': 'gaming', 'sentiment': 0.63, 'keyword_mentioned': 'game', 'message_length': 32}
2025-09-28 18:25:41 | INFO | {'message': 'I just tried an app! It was boring.', 'author': 'Bob', 'timestamp': '2025-09-28 18:25:41', 'category': 'other', 'sentiment': 0.11, 'keyword_mentioned': 'other', 'message_length': 35}
2025-09-28 18:25:46 | INFO | {'message': 'I just shared an app! It was funny.', 'author': 'Charlie', 'timestamp': '2025-09-28 18:25:46', 'category': 'other', 'sentiment': 0.79, 'keyword_mentioned': 'other', 'message_length': 35}
2025-09-28 18:25:51 | INFO | {'message': 'I just tried Python! It was boring.', 'author': 'Alice', 'timestamp': '2025-09-28 18:25:51', 'category': 'tech', 'sentiment': 0.82, 'keyword_mentioned': 'Python', 'message_length': 35}
2025-09-28 18:25:56 | INFO | {'message': 'I just loved travel! It was funny.', 'author': 'Alice', 'timestamp': '2025-09-28 18:25:56', 'category': 'travel', 'sentiment': 0.1, 'keyword_mentioned': 'travel', 'message_length': 34}
2025-09-28 18:26:01 | INFO | {'message': 'I just loved recipe! It was funny.', 'author': 'Bob', 'timestamp': '2025-09-28 18:26:01', 'category': 'food', 'sentiment': 0.58, 'keyword_mentioned': 'recipe', 'message_length': 34}
2025-09-28 18:26:06 | INFO | {'message': 'I just loved Python! It was boring.', 'author': 'Bob', 'timestamp': '2025-09-28 18:26:06', 'category': 'tech', 'sentiment': 0.71, 'keyword_mentioned': 'Python', 'message_length': 35}
2025-09-28 18:26:11 | INFO | {'message': 'I just found a movie! It was amazing.', 'author': 'Charlie', 'timestamp': '2025-09-28 18:26:11', 'category': 'entertainment', 'sentiment': 0.19, 'keyword_mentioned': 'movie', 'message_length': 37}
2025-09-28 18:26:16 | INFO | {'message': 'I just loved game! It was exciting.', 'author': 'Alice', 'timestamp': '2025-09-28 18:26:16', 'category': 'gaming', 'sentiment': 0.0, 'keyword_mentioned': 'game', 'message_length': 35}
2025-09-28 18:26:21 | INFO | {'message': 'I just saw travel! It was funny.', 'author': 'Bob', 'timestamp': '2025-09-28 18:26:21', 'category': 'travel', 'sentiment': 0.09, 'keyword_mentioned': 'travel', 'message_length': 32}
2025-09-28 18:26:26 | INFO | {'message': 'I just saw recipe! It was funny.', 'author': 'Eve', 'timestamp': '2025-09-28 18:26:26', 'category': 'food', 'sentiment': 0.82, 'keyword_mentioned': 'recipe', 'message_length': 32}
2025-09-28 18:26:31 | INFO | {'message': 'I just found Python! It was weird.', 'author': 'Alice', 'timestamp': '2025-09-28 18:26:31', 'category': 'tech', 'sentiment': 0.68, 'keyword_mentioned': 'Python', 'message_length': 34}
2025-09-28 18:26:36 | INFO | {'message': 'I just tried travel! It was boring.', 'author': 'Charlie', 'timestamp': '2025-09-28 18:26:36', 'category': 'travel', 'sentiment': 0.11, 'keyword_mentioned': 'travel', 'message_length': 35}
2025-09-28 18:26:41 | INFO | {'message': 'I just saw travel! It was boring.', 'author': 'Alice', 'timestamp': '2025-09-28 18:26:41', 'category': 'travel', 'sentiment': 0.32, 'keyword_mentioned': 'travel', 'message_length': 33}
2025-09-28 18:26:46 | INFO | {'message': 'I just saw game! It was exciting.', 'author': 'Bob', 'timestamp': '2025-09-28 18:26:46', 'category': 'gaming', 'sentiment': 0.42, 'keyword_mentioned': 'game', 'message_length': 33}
2025-09-28 18:26:51 | INFO | {'message': 'I just loved recipe! It was amazing.', 'author': 'Bob', 'timestamp': '2025-09-28 18:26:51', 'category': 'food', 'sentiment': 0.83, 'keyword_mentioned': 'recipe', 'message_length': 36}
2025-09-28 18:26:56 | INFO | {'message': 'I just shared a story! It was amazing.', 'author': 'Eve', 'timestamp': '2025-09-28 18:26:56', 'category': 'other', 'sentiment': 0.18, 'keyword_mentioned': 'other', 'message_length': 38}
2025-09-28 18:27:01 | INFO | {'message': 'I just tried a trick! It was boring.', 'author': 'Alice', 'timestamp': '2025-09-28 18:27:01', 'category': 'other', 'sentiment': 0.94, 'keyword_mentioned': 'other', 'message_length': 36}
2025-09-28 18:27:06 | INFO | {'message': 'I just loved recipe! It was funny.', 'author': 'Eve', 'timestamp': '2025-09-28 18:27:06', 'category': 'food', 'sentiment': 0.18, 'keyword_mentioned': 'recipe', 'message_length': 34}
2025-09-28 18:27:11 | INFO | {'message': 'I just shared a movie! It was amazing.', 'author': 'Eve', 'timestamp': '2025-09-28 18:27:11', 'category': 'entertainment', 'sentiment': 0.26, 'keyword_mentioned': 'movie', 'message_length': 38}
2025-09-28 18:27:16 | INFO | {'message': 'I just found a movie! It was weird.', 'author': 'Eve', 'timestamp': '2025-09-28 18:27:16', 'category': 'entertainment', 'sentiment': 0.75, 'keyword_mentioned': 'movie', 'message_length': 35}
2025-09-28 18:27:21 | INFO | {'message': 'I just found game! It was amazing.', 'author': 'Bob', 'timestamp': '2025-09-28 18:27:21', 'category': 'gaming', 'sentiment': 0.42, 'keyword_mentioned': 'game', 'message_length': 34}
2025-09-28 18:27:26 | INFO | {'message': 'I just found game! It was amazing.', 'author': 'Charlie', 'timestamp': '2025-09-28 18:27:26', 'category': 'gaming', 'sentiment': 0.14, 'keyword_mentioned': 'game', 'message_length': 34}
2025-09-28 18:27:31 | INFO | {'message': 'I just saw a movie! It was amazing.', 'author': 'Bob', 'timestamp': '2025-09-28 18:27:31', 'category': 'entertainment', 'sentiment': 0.11, 'keyword_mentioned': 'movie', 'message_length': 35}
2025-09-28 18:27:36 | INFO | {'message': 'I just saw game! It was funny.', 'author': 'Eve', 'timestamp': '2025-09-28 18:27:36', 'category': 'gaming', 'sentiment': 0.49, 'keyword_mentioned': 'game', 'message_length': 30}
2025-09-28 18:27:41 | INFO | {'message': 'I just saw a meme! It was funny.', 'author': 'Eve', 'timestamp': '2025-09-28 18:27:41', 'category': 'humor', 'sentiment': 0.76, 'keyword_mentioned': 'meme', 'message_length': 32}
2025-09-28 18:27:46 | INFO | {'message': 'I just saw a story! It was boring.', 'author': 'Alice', 'timestamp': '2025-09-28 18:27:46', 'category': 'other', 'sentiment': 0.2, 'keyword_mentioned': 'other', 'message_length': 34}
2025-09-28 18:27:51 | INFO | {'message': 'I just found a movie! It was exciting.', 'author': 'Alice', 'timestamp': '2025-09-28 18:27:51', 'category': 'entertainment', 'sentiment': 0.39, 'keyword_mentioned': 'movie', 'message_length': 38}
2025-09-28 18:27:56 | INFO | {'message': 'I just tried a story! It was amazing.', 'author': 'Bob', 'timestamp': '2025-09-28 18:27:56', 'category': 'other', 'sentiment': 0.37, 'keyword_mentioned': 'other', 'message_length': 37}
2025-09-28 18:28:01 | INFO | {'message': 'I just found recipe! It was exciting.', 'author': 'Charlie', 'timestamp': '2025-09-28 18:28:01', 'category': 'food', 'sentiment': 0.56, 'keyword_mentioned': 'recipe', 'message_length': 37}
2025-09-28 18:28:06 | INFO | {'message': 'I just tried a trick! It was boring.', 'author': 'Charlie', 'timestamp': '2025-09-28 18:28:06', 'category': 'other', 'sentiment': 0.71, 'keyword_mentioned': 'other', 'message_length': 36}
2025-09-28 18:28:11 | INFO | {'message': 'I just loved JavaScript! It was exciting.', 'author': 'Bob', 'timestamp': '2025-09-28 18:28:11', 'category': 'tech', 'sentiment': 0.13, 'keyword_mentioned': 'JavaScript', 'message_length': 41}
2025-09-28 18:28:16 | INFO | {'message': 'I just tried JavaScript! It was funny.', 'author': 'Alice', 'timestamp': '2025-09-28 18:28:16', 'category': 'tech', 'sentiment': 0.11, 'keyword_mentioned': 'JavaScript', 'message_length': 38}
2025-09-28 18:28:21 | INFO | {'message': 'I just found travel! It was amazing.', 'author': 'Eve', 'timestamp': '2025-09-28 18:28:21', 'category': 'travel', 'sentiment': 0.73, 'keyword_mentioned': 'travel', 'message_length': 36}
2025-09-28 18:28:26 | INFO | {'message': 'I just tried a meme! It was exciting.', 'author': 'Eve', 'timestamp': '2025-09-28 18:28:26', 'category': 'humor', 'sentiment': 0.68, 'keyword_mentioned': 'meme', 'message_length': 37}
2025-09-28 18:28:31 | INFO | {'message': 'I just saw an app! It was amazing.', 'author': 'Bob', 'timestamp': '2025-09-28 18:28:31', 'category': 'other', 'sentiment': 0.6, 'keyword_mentioned': 'other', 'message_length': 34}
2025-09-28 18:28:36 | INFO | {'message': 'I just found recipe! It was weird.', 'author': 'Charlie', 'timestamp': '2025-09-28 18:28:36', 'category': 'food', 'sentiment': 0.51, 'keyword_mentioned': 'recipe', 'message_length': 34}
2025-09-28 18:28:41 | INFO | {'message': 'I just found JavaScript! It was boring.', 'author': 'Alice', 'timestamp': '2025-09-28 18:28:41', 'category': 'tech', 'sentiment': 0.39, 'keyword_mentioned': 'JavaScript', 'message_length': 39}
2025-09-28 18:28:46 | INFO | {'message': 'I just loved travel! It was exciting.', 'author': 'Eve', 'timestamp': '2025-09-28 18:28:46', 'category': 'travel', 'sentiment': 0.34, 'keyword_mentioned': 'travel', 'message_length': 37}
2025-09-28 18:28:51 | INFO | {'message': 'I just found recipe! It was amazing.', 'author': 'Alice', 'timestamp': '2025-09-28 18:28:51', 'category': 'food', 'sentiment': 0.14, 'keyword_mentioned': 'recipe', 'message_length': 36}
2025-09-28 18:28:56 | INFO | {'message': 'I just found a story! It was funny.', 'author': 'Charlie', 'timestamp': '2025-09-28 18:28:56', 'category': 'other', 'sentiment': 0.9, 'keyword_mentioned': 'other', 'message_length': 35}
2025-09-28 18:29:01 | INFO | {'message': 'I just shared travel! It was exciting.', 'author': 'Charlie', 'timestamp': '2025-09-28 18:29:01', 'category': 'travel', 'sentiment': 0.81, 'keyword_mentioned': 'travel', 'message_length': 38}
2025-09-28 18:29:06 | INFO | {'message': 'I just tried game! It was funny.', 'author': 'Eve', 'timestamp': '2025-09-28 18:29:06', 'category': 'gaming', 'sentiment': 0.82, 'keyword_mentioned': 'game', 'message_length': 32}
2025-09-28 18:29:11 | INFO | {'message': 'I just loved a movie! It was exciting.', 'author': 'Alice', 'timestamp': '2025-09-28 18:29:11', 'category': 'entertainment', 'sentiment': 0.99, 'keyword_mentioned': 'movie', 'message_length': 38}
2025-09-28 18:29:16 | INFO | {'message': 'I just saw recipe! It was funny.', 'author': 'Charlie', 'timestamp': '2025-09-28 18:29:16', 'category': 'food', 'sentiment': 0.16, 'keyword_mentioned': 'recipe', 'message_length': 32}
2025-09-28 18:29:21 | INFO | {'message': 'I just found a story! It was amazing.', 'author': 'Eve', 'timestamp': '2025-09-28 18:29:21', 'category': 'other', 'sentiment': 0.86, 'keyword_mentioned': 'other', 'message_length': 37}
2025-09-28 18:29:26 | INFO | {'message': 'I just saw an app! It was weird.', 'author': 'Eve', 'timestamp': '2025-09-28 18:29:26', 'category': 'other', 'sentiment': 0.16, 'keyword_mentioned': 'other', 'message_length': 32}
2025-09-28 18:29:31 | INFO | {'message': 'I just saw game! It was funny.', 'author': 'Bob', 'timestamp': '2025-09-28 18:29:31', 'category': 'gaming', 'sentiment': 0.3, 'keyword_mentioned': 'game', 'message_length': 30}
2025-09-28 18:29:36 | INFO | {'message': 'I just loved a movie! It was weird.', 'author': 'Alice', 'timestamp': '2025-09-28 18:29:36', 'category': 'entertainment', 'sentiment': 0.07, 'keyword_mentioned': 'movie', 'message_length': 35}
2025-09-28 18:29:41 | INFO | {'message': 'I just tried game! It was funny.', 'author': 'Bob', 'timestamp': '2025-09-28 18:29:41', 'category': 'gaming', 'sentiment': 0.87, 'keyword_mentioned': 'game', 'message_length': 32}
2025-09-28 18:29:46 | INFO | {'message': 'I just found travel! It was exciting.', 'author': 'Alice', 'timestamp': '2025-09-28 18:29:46', 'category': 'travel', 'sentiment': 0.62, 'keyword_mentioned': 'travel', 'message_length': 37}
2025-09-28 18:29:51 | INFO | {'message': 'I just saw a trick! It was exciting.', 'author': 'Eve', 'timestamp': '2025-09-28 18:29:51', 'category': 'other', 'sentiment': 0.33, 'keyword_mentioned': 'other', 'message_length': 36}
2025-09-28 18:29:56 | INFO | {'message': 'I just saw a trick! It was amazing.', 'author': 'Bob', 'timestamp': '2025-09-28 18:29:56', 'category': 'other', 'sentiment': 0.0, 'keyword_mentioned': 'other', 'message_length': 35}
2025-09-28 18:30:01 | INFO | {'message': 'I just saw a story! It was weird.', 'author': 'Eve', 'timestamp': '2025-09-28 18:30:01', 'category': 'other', 'sentiment': 0.44, 'keyword_mentioned': 'other', 'message_length': 33}
2025-09-28 18:30:06 | INFO | {'message': 'I just found a movie! It was exciting.', 'author': 'Charlie', 'timestamp': '2025-09-28 18:30:06', 'category': 'entertainment', 'sentiment': 0.06, 'keyword_mentioned': 'movie', 'message_length': 38}
2025-09-28 18:30:11 | INFO | {'message': 'I just saw a story! It was funny.', 'author': 'Alice', 'timestamp': '2025-09-28 18:30:11', 'category': 'other', 'sentiment': 0.22, 'keyword_mentioned': 'other', 'message_length': 33}
2025-09-28 18:30:16 | INFO | {'message': 'I just saw a trick! It was boring.', 'author': 'Charlie', 'timestamp': '2025-09-28 18:30:16', 'category': 'other', 'sentiment': 0.06, 'keyword_mentioned': 'other', 'message_length': 34}
2025-09-28 18:30:21 | INFO | {'message': 'I just tried recipe! It was exciting.', 'author': 'Bob', 'timestamp': '2025-09-28 18:30:21', 'category': 'food', 'sentiment': 0.83, 'keyword_mentioned': 'recipe', 'message_length': 37}
2025-09-28 18:30:26 | INFO | {'message': 'I just tried JavaScript! It was amazing.', 'author': 'Bob', 'timestamp': '2025-09-28 18:30:26', 'category': 'tech', 'sentiment': 0.1, 'keyword_mentioned': 'JavaScript', 'message_length': 40}
2025-09-28 18:30:31 | INFO | {'message': 'I just tried a movie! It was funny.', 'author': 'Bob', 'timestamp': '2025-09-28 18:30:31', 'category': 'entertainment', 'sentiment': 0.19, 'keyword_mentioned': 'movie', 'message_length': 35}
2025-09-28 18:30:36 | INFO | {'message': 'I just saw game! It was exciting.', 'author': 'Charlie', 'timestamp': '2025-09-28 18:30:36', 'category': 'gaming', 'sentiment': 0.73, 'keyword_mentioned': 'game', 'message_length': 33}
2025-09-28 18:30:41 | INFO | {'message': 'I just saw an app! It was boring.', 'author': 'Charlie', 'timestamp': '2025-09-28 18:30:41', 'category': 'other', 'sentiment': 0.86, 'keyword_mentioned': 'other', 'message_length': 33}
2025-09-28 18:30:46 | INFO | {'message': 'I just loved a trick! It was exciting.', 'author': 'Charlie', 'timestamp': '2025-09-28 18:30:46', 'category': 'other', 'sentiment': 0.58, 'keyword_mentioned': 'other', 'message_length': 38}
2025-09-28 18:30:51 | INFO | {'message': 'I just shared a movie! It was amazing.', 'author': 'Alice', 'timestamp': '2025-09-28 18:30:51', 'category': 'entertainment', 'sentiment': 0.37, 'keyword_mentioned': 'movie', 'message_length': 38}
2025-09-28 18:30:56 | INFO | {'message': 'I just loved travel! It was amazing.', 'author': 'Charlie', 'timestamp': '2025-09-28 18:30:56', 'category': 'travel', 'sentiment': 0.55, 'keyword_mentioned': 'travel', 'message_length': 36}
2025-09-28 18:31:01 | INFO | {'message': 'I just shared a meme! It was boring.', 'author': 'Charlie', 'timestamp': '2025-09-28 18:31:01', 'category': 'humor', 'sentiment': 0.99, 'keyword_mentioned': 'meme', 'message_length': 36}
2025-09-28 18:31:06 | INFO | {'message': 'I just loved game! It was exciting.', 'author': 'Charlie', 'timestamp': '2025-09-28 18:31:06', 'category': 'gaming', 'sentiment': 0.58, 'keyword_mentioned': 'game', 'message_length': 35}
2025-09-28 18:31:11 | INFO | {'message': 'I just saw a trick! It was amazing.', 'author': 'Eve', 'timestamp': '2025-09-28 18:31:11', 'category': 'other', 'sentiment': 0.5, 'keyword_mentioned': 'other', 'message_length': 35}
2025-09-28 18:31:16 | INFO | {'message': 'I just loved recipe! It was funny.', 'author': 'Alice', 'timestamp': '2025-09-28 18:31:16', 'category': 'food', 'sentiment': 0.27, 'keyword_mentioned': 'recipe', 'message_length': 34}
2025-09-28 18:31:21 | INFO | {'message': 'I just tried recipe! It was weird.', 'author': 'Bob', 'timestamp': '2025-09-28 18:31:21', 'category': 'food', 'sentiment': 0.91, 'keyword_mentioned': 'recipe', 'message_length': 34}
2025-09-28 18:31:26 | INFO | {'message': 'I just found a trick! It was weird.', 'author': 'Charlie', 'timestamp': '2025-09-28 18:31:26', 'category': 'other', 'sentiment': 0.54, 'keyword_mentioned': 'other', 'message_length': 35}
2025-09-28 18:31:31 | INFO | {'message': 'I just shared a meme! It was funny.', 'author': 'Alice', 'timestamp': '2025-09-28 18:31:31', 'category': 'humor', 'sentiment': 0.02, 'keyword_mentioned': 'meme', 'message_length': 35}
2025-09-28 18:31:36 | INFO | {'message': 'I just tried a story! It was exciting.', 'author': 'Charlie', 'timestamp': '2025-09-28 18:31:36', 'category': 'other', 'sentiment': 0.9, 'keyword_mentioned': 'other', 'message_length': 38}
2025-09-28 18:31:41 | INFO | {'message': 'I just loved travel! It was funny.', 'author': 'Alice', 'timestamp': '2025-09-28 18:31:41', 'category': 'travel', 'sentiment': 0.66, 'keyword_mentioned': 'travel', 'message_length': 34}
2025-09-28 18:31:46 | INFO | {'message': 'I just loved a story! It was weird.', 'author': 'Charlie', 'timestamp': '2025-09-28 18:31:46', 'category': 'other', 'sentiment': 0.74, 'keyword_mentioned': 'other', 'message_length': 35}
2025-09-28 18:31:51 | INFO | {'message': 'I just saw a story! It was amazing.', 'author': 'Eve', 'timestamp': '2025-09-28 18:31:51', 'category': 'other', 'sentiment': 0.76, 'keyword_mentioned': 'other', 'message_length': 35}
2025-09-28 18:31:56 | INFO | {'message': 'I just saw recipe! It was funny.', 'author': 'Eve', 'timestamp': '2025-09-28 18:31:56', 'category': 'food', 'sentiment': 0.23, 'keyword_mentioned': 'recipe', 'message_length': 32}
2025-09-28 18:32:01 | INFO | {'message': 'I just tried a meme! It was weird.', 'author': 'Eve', 'timestamp': '2025-09-28 18:32:01', 'category': 'humor', 'sentiment': 0.94, 'keyword_mentioned': 'meme', 'message_length': 34}
2025-09-28 18:32:06 | INFO | {'message': 'I just tried Python! It was weird.', 'author': 'Bob', 'timestamp': '2025-09-28 18:32:06', 'category': 'tech', 'sentiment': 0.26, 'keyword_mentioned': 'Python', 'message_length': 34}
2025-09-28 18:32:11 | INFO | {'message': 'I just tried a meme! It was amazing.', 'author': 'Bob', 'timestamp': '2025-09-28 18:32:11', 'category': 'humor', 'sentiment': 0.05, 'keyword_mentioned': 'meme', 'message_length': 36}
2025-09-28 18:32:16 | INFO | {'message': 'I just saw an app! It was weird.', 'author': 'Bob', 'timestamp': '2025-09-28 18:32:16', 'category': 'other', 'sentiment': 0.71, 'keyword_mentioned': 'other', 'message_length': 32}
2025-09-28 18:32:21 | INFO | {'message': 'I just shared game! It was amazing.', 'author': 'Bob', 'timestamp': '2025-09-28 18:32:21', 'category': 'gaming', 'sentiment': 0.73, 'keyword_mentioned': 'game', 'message_length': 35}
2025-09-28 18:32:26 | INFO | {'message': 'I just shared travel! It was exciting.', 'author': 'Alice', 'timestamp': '2025-09-28 18:32:26', 'category': 'travel', 'sentiment': 0.41, 'keyword_mentioned': 'travel', 'message_length': 38}
2025-09-28 18:32:31 | INFO | {'message': 'I just shared game! It was exciting.', 'author': 'Bob', 'timestamp': '2025-09-28 18:32:31', 'category': 'gaming', 'sentiment': 0.89, 'keyword_mentioned': 'game', 'message_length': 36}
2025-09-28 18:32:36 | INFO | {'message': 'I just loved Python! It was amazing.', 'author': 'Alice', 'timestamp': '2025-09-28 18:32:36', 'category': 'tech', 'sentiment': 0.11, 'keyword_mentioned': 'Python', 'message_length': 36}
2025-09-28 18:32:41 | INFO | {'message': 'I just loved an app! It was weird.', 'author': 'Alice', 'timestamp': '2025-09-28 18:32:41', 'category': 'other', 'sentiment': 0.89, 'keyword_mentioned': 'other', 'message_length': 34}
2025-09-28 18:32:46 | INFO | {'message': 'I just found an app! It was exciting.', 'author': 'Bob', 'timestamp': '2025-09-28 18:32:46', 'category': 'other', 'sentiment': 0.45, 'keyword_mentioned': 'other', 'message_length': 37}
2025-09-28 18:32:51 | INFO | {'message': 'I just shared a movie! It was exciting.', 'author': 'Alice', 'timestamp': '2025-09-28 18:32:51', 'category': 'entertainment', 'sentiment': 0.36, 'keyword_mentioned': 'movie', 'message_length': 39}
2025-09-28 18:32:56 | INFO | {'message': 'I just saw a movie! It was exciting.', 'author': 'Charlie', 'timestamp': '2025-09-28 18:32:56', 'category': 'entertainment', 'sentiment': 0.73, 'keyword_mentioned': 'movie', 'message_length': 36}
2025-09-28 18:33:01 | INFO | {'message': 'I just saw a trick! It was exciting.', 'author': 'Bob', 'timestamp': '2025-09-28 18:33:01', 'category': 'other', 'sentiment': 0.83, 'keyword_mentioned': 'other', 'message_length': 36}
2025-09-28 18:33:06 | INFO | {'message': 'I just tried recipe! It was weird.', 'author': 'Bob', 'timestamp': '2025-09-28 18:33:06', 'category': 'food', 'sentiment': 0.73, 'keyword_mentioned': 'recipe', 'message_length': 34}
2025-09-28 18:33:11 | INFO | {'message': 'I just tried JavaScript! It was amazing.', 'author': 'Bob', 'timestamp': '2025-09-28 18:33:11', 'category': 'tech', 'sentiment': 0.9, 'keyword_mentioned': 'JavaScript', 'message_length': 40}
2025-09-28 18:33:16 | INFO | {'message': 'I just found JavaScript! It was amazing.', 'author': 'Eve', 'timestamp': '2025-09-28 18:33:16', 'category': 'tech', 'sentiment': 0.09, 'keyword_mentioned': 'JavaScript', 'message_length': 40}
2025-09-28 18:33:21 | INFO | {'message': 'I just shared an app! It was exciting.', 'author': 'Charlie', 'timestamp': '2025-09-28 18:33:21', 'category': 'other', 'sentiment': 0.22, 'keyword_mentioned': 'other', 'message_length': 38}
2025-09-28 18:33:26 | INFO | {'message': 'I just loved JavaScript! It was exciting.', 'author': 'Charlie', 'timestamp': '2025-09-28 18:33:26', 'category': 'tech', 'sentiment': 0.29, 'keyword_mentioned': 'JavaScript', 'message_length': 41}
2025-09-28 18:33:31 | INFO | {'message': 'I just shared recipe! It was weird.', 'author': 'Bob', 'timestamp': '2025-09-28 18:33:31', 'category': 'food', 'sentiment': 0.76, 'keyword_mentioned': 'recipe', 'message_length': 35}
2025-09-28 18:33:36 | INFO | {'message': 'I just found game! It was boring.', 'author': 'Bob', 'timestamp': '2025-09-28 18:33:36', 'category': 'gaming', 'sentiment': 0.52, 'keyword_mentioned': 'game', 'message_length': 33}
2025-09-28 18:33:41 | INFO | {'message': 'I just found a story! It was boring.', 'author': 'Alice', 'timestamp': '2025-09-28 18:33:41', 'category': 'other', 'sentiment': 0.45, 'keyword_mentioned': 'other', 'message_length': 36}
2025-09-28 18:33:46 | INFO | {'message': 'I just tried recipe! It was boring.', 'author': 'Bob', 'timestamp': '2025-09-28 18:33:46', 'category': 'food', 'sentiment': 0.96, 'keyword_mentioned': 'recipe', 'message_length': 35}
2025-09-28 18:33:51 | INFO | {'message': 'I just saw a story! It was funny.', 'author': 'Eve', 'timestamp': '2025-09-28 18:33:51', 'category': 'other', 'sentiment': 0.15, 'keyword_mentioned': 'other', 'message_length': 33}
2025-09-28 18:33:56 | INFO | {'message': 'I just loved a trick! It was amazing.', 'author': 'Eve', 'timestamp': '2025-09-28 18:33:56', 'category': 'other', 'sentiment': 0.7, 'keyword_mentioned': 'other', 'message_length': 37}
2025-09-28 18:34:01 | INFO | {'message': 'I just shared a movie! It was amazing.', 'author': 'Charlie', 'timestamp': '2025-09-28 18:34:01', 'category': 'entertainment', 'sentiment': 0.34, 'keyword_mentioned': 'movie', 'message_length': 38}
2025-09-28 18:34:06 | INFO | {'message': 'I just loved JavaScript! It was funny.', 'author': 'Alice', 'timestamp': '2025-09-28 18:34:06', 'category': 'tech', 'sentiment': 0.61, 'keyword_mentioned': 'JavaScript', 'message_length': 38}
2025-09-28 18:34:11 | INFO | {'message': 'I just found Python! It was funny.', 'author': 'Charlie', 'timestamp': '2025-09-28 18:34:11', 'category': 'tech', 'sentiment': 0.81, 'keyword_mentioned': 'Python', 'message_length': 34}
2025-09-28 18:34:16 | INFO | {'message': 'I just tried game! It was weird.', 'author': 'Charlie', 'timestamp': '2025-09-28 18:34:16', 'category': 'gaming', 'sentiment': 0.41, 'keyword_mentioned': 'game', 'message_length': 32}
2025-09-28 18:34:21 | INFO | {'message': 'I just found a meme! It was boring.', 'author': 'Charlie', 'timestamp': '2025-09-28 18:34:21', 'category': 'humor', 'sentiment': 0.56, 'keyword_mentioned': 'meme', 'message_length': 35}
2025-09-28 18:34:26 | INFO | {'message': 'I just saw a movie! It was boring.', 'author': 'Eve', 'timestamp': '2025-09-28 18:34:26', 'category': 'entertainment', 'sentiment': 0.4, 'keyword_mentioned': 'movie', 'message_length': 34}
2025-09-28 18:34:31 | INFO | {'message': 'I just shared travel! It was amazing.', 'author': 'Alice', 'timestamp': '2025-09-28 18:34:31', 'category': 'travel', 'sentiment': 0.08, 'keyword_mentioned': 'travel', 'message_length': 37}
2025-09-28 18:34:36 | INFO | {'message': 'I just loved a meme! It was weird.', 'author': 'Charlie', 'timestamp': '2025-09-28 18:34:36', 'category': 'humor', 'sentiment': 0.38, 'keyword_mentioned': 'meme', 'message_length': 34}
2025-09-28 18:34:41 | INFO | {'message': 'I just loved an app! It was boring.', 'author': 'Bob', 'timestamp': '2025-09-28 18:34:41', 'category': 'other', 'sentiment': 0.52, 'keyword_mentioned': 'other', 'message_length': 35}
2025-09-28 18:34:46 | INFO | {'message': 'I just shared a trick! It was funny.', 'author': 'Charlie', 'timestamp': '2025-09-28 18:34:46', 'category': 'other', 'sentiment': 0.51, 'keyword_mentioned': 'other', 'message_length': 36}
2025-09-28 18:34:51 | INFO | {'message': 'I just found travel! It was boring.', 'author': 'Alice', 'timestamp': '2025-09-28 18:34:51', 'category': 'travel', 'sentiment': 0.82, 'keyword_mentioned': 'travel', 'message_length': 35}
2025-09-28 18:34:56 | INFO | {'message': 'I just found a story! It was amazing.', 'author': 'Bob', 'timestamp': '2025-09-28 18:34:56', 'category': 'other', 'sentiment': 0.26, 'keyword_mentioned': 'other', 'message_length': 37}
2025-09-28 18:35:01 | INFO | {'message': 'I just loved recipe! It was funny.', 'author': 'Alice', 'timestamp': '2025-09-28 18:35:01', 'category': 'food', 'sentiment': 0.85, 'keyword_mentioned': 'recipe', 'message_length': 34}
2025-09-28 18:35:06 | INFO | {'message': 'I just shared a trick! It was funny.', 'author': 'Alice', 'timestamp': '2025-09-28 18:35:06', 'category': 'other', 'sentiment': 0.4, 'keyword_mentioned': 'other', 'message_length': 36}
2025-09-28 18:35:11 | INFO | {'message': 'I just found travel! It was amazing.', 'author': 'Charlie', 'timestamp': '2025-09-28 18:35:11', 'category': 'travel', 'sentiment': 0.76, 'keyword_mentioned': 'travel', 'message_length': 36}
2025-09-28 18:35:16 | INFO | {'message': 'I just loved a movie! It was funny.', 'author': 'Alice', 'timestamp': '2025-09-28 18:35:16', 'category': 'entertainment', 'sentiment': 0.63, 'keyword_mentioned': 'movie', 'message_length': 35}
2025-09-28 18:35:21 | INFO | {'message': 'I just loved an app! It was exciting.', 'author': 'Bob', 'timestamp': '2025-09-28 18:35:21', 'category': 'other', 'sentiment': 0.29, 'keyword_mentioned': 'other', 'message_length': 37}
2025-09-28 18:35:26 | INFO | {'message': 'I just tried game! It was exciting.', 'author': 'Eve', 'timestamp': '2025-09-28 18:35:26', 'category': 'gaming', 'sentiment': 0.65, 'keyword_mentioned': 'game', 'message_length': 35}
2025-09-28 18:35:31 | INFO | {'message': 'I just found Python! It was weird.', 'author': 'Alice', 'timestamp': '2025-09-28 18:35:31', 'category': 'tech', 'sentiment': 0.06, 'keyword_mentioned': 'Python', 'message_length': 34}
2025-09-28 18:35:36 | INFO | {'message': 'I just found game! It was funny.', 'author': 'Eve', 'timestamp': '2025-09-28 18:35:36', 'category': 'gaming', 'sentiment': 0.26, 'keyword_mentioned': 'game', 'message_length': 32}
2025-09-28 18:35:41 | INFO | {'message': 'I just tried a movie! It was boring.', 'author': 'Alice', 'timestamp': '2025-09-28 18:35:41', 'category': 'entertainment', 'sentiment': 0.66, 'keyword_mentioned': 'movie', 'message_length': 36}
2025-09-28 18:35:46 | INFO | {'message': 'I just saw a story! It was weird.', 'author': 'Alice', 'timestamp': '2025-09-28 18:35:46', 'category': 'other', 'sentiment': 0.14, 'keyword_mentioned': 'other', 'message_length': 33}
2025-09-28 18:35:51 | INFO | {'message': 'I just saw a story! It was funny.', 'author': 'Charlie', 'timestamp': '2025-09-28 18:35:51', 'category': 'other', 'sentiment': 0.41, 'keyword_mentioned': 'other', 'message_length': 33}
2025-09-28 18:35:56 | INFO | {'message': 'I just tried a trick! It was weird.', 'author': 'Bob', 'timestamp': '2025-09-28 18:35:56', 'category': 'other', 'sentiment': 0.16, 'keyword_mentioned': 'other', 'message_length': 35}
2025-09-28 18:36:01 | INFO | {'message': 'I just tried a movie! It was amazing.', 'author': 'Alice', 'timestamp': '2025-09-28 18:36:01', 'category': 'entertainment', 'sentiment': 0.46, 'keyword_mentioned': 'movie', 'message_length': 37}
2025-09-28 18:36:06 | INFO | {'message': 'I just tried a meme! It was boring.', 'author': 'Eve', 'timestamp': '2025-09-28 18:36:06', 'category': 'humor', 'sentiment': 0.46, 'keyword_mentioned': 'meme', 'message_length': 35}
2025-09-28 18:36:11 | INFO | {'message': 'I just shared recipe! It was amazing.', 'author': 'Bob', 'timestamp': '2025-09-28 18:36:11', 'category': 'food', 'sentiment': 0.51, 'keyword_mentioned': 'recipe', 'message_length': 37}
2025-09-28 18:36:16 | INFO | {'message': 'I just found a meme! It was weird.', 'author': 'Eve', 'timestamp': '2025-09-28 18:36:16', 'category': 'humor', 'sentiment': 0.77, 'keyword_mentioned': 'meme', 'message_length': 34}
2025-09-28 18:36:21 | INFO | {'message': 'I just found a meme! It was funny.', 'author': 'Bob', 'timestamp': '2025-09-28 18:36:21', 'category': 'humor', 'sentiment': 0.13, 'keyword_mentioned': 'meme', 'message_length': 34}
2025-09-28 18:36:26 | INFO | {'message': 'I just shared a trick! It was funny.', 'author': 'Charlie', 'timestamp': '2025-09-28 18:36:26', 'category': 'other', 'sentiment': 0.87, 'keyword_mentioned': 'other', 'message_length': 36}
2025-09-28 18:36:31 | INFO | {'message': 'I just found JavaScript! It was boring.', 'author': 'Alice', 'timestamp': '2025-09-28 18:36:31', 'category': 'tech', 'sentiment': 0.23, 'keyword_mentioned': 'JavaScript', 'message_length': 39}
2025-09-28 18:36:36 | INFO | {'message': 'I just tried a movie! It was exciting.', 'author': 'Alice', 'timestamp': '2025-09-28 18:36:36', 'category': 'entertainment', 'sentiment': 0.3, 'keyword_mentioned': 'movie', 'message_length': 38}
2025-09-28 18:36:41 | INFO | {'message': 'I just saw a meme! It was exciting.', 'author': 'Eve', 'timestamp': '2025-09-28 18:36:41', 'category': 'humor', 'sentiment': 0.15, 'keyword_mentioned': 'meme', 'message_length': 35}
2025-09-28 18:36:46 | INFO | {'message': 'I just found a meme! It was weird.', 'author': 'Alice', 'timestamp': '2025-09-28 18:36:46', 'category': 'humor', 'sentiment': 0.74, 'keyword_mentioned': 'meme', 'message_length': 34}
2025-09-28 18:36:51 | INFO | {'message': 'I just found JavaScript! It was funny.', 'author': 'Charlie', 'timestamp': '2025-09-28 18:36:51', 'category': 'tech', 'sentiment': 0.3, 'keyword_mentioned': 'JavaScript', 'message_length': 38}
2025-09-28 18:36:56 | INFO | {'message': 'I just saw a meme! It was weird.', 'author': 'Eve', 'timestamp': '2025-09-28 18:36:56', 'category': 'humor', 'sentiment': 0.58, 'keyword_mentioned': 'meme', 'message_length': 32}
2025-09-28 18:37:01 | INFO | {'message': 'I just loved Python! It was exciting.', 'author': 'Eve', 'timestamp': '2025-09-28 18:37:01', 'category': 'tech', 'sentiment': 0.01, 'keyword_mentioned': 'Python', 'message_length': 37}
2025-09-28 18:37:06 | INFO | {'message': 'I just shared a movie! It was boring.', 'author': 'Bob', 'timestamp': '2025-09-28 18:37:06', 'category': 'entertainment', 'sentiment': 0.63, 'keyword_mentioned': 'movie', 'message_length': 37}
2025-09-28 18:37:11 | INFO | {'message': 'I just shared Python! It was amazing.', 'author': 'Charlie', 'timestamp': '2025-09-28 18:37:11', 'category': 'tech', 'sentiment': 0.5, 'keyword_mentioned': 'Python', 'message_length': 37}
2025-09-28 18:37:16 | INFO | {'message': 'I just found a meme! It was exciting.', 'author': 'Alice', 'timestamp': '2025-09-28 18:37:16', 'category': 'humor', 'sentiment': 0.7, 'keyword_mentioned': 'meme', 'message_length': 37}
2025-09-28 18:37:21 | INFO | {'message': 'I just found Python! It was amazing.', 'author': 'Alice', 'timestamp': '2025-09-28 18:37:21', 'category': 'tech', 'sentiment': 0.25, 'keyword_mentioned': 'Python', 'message_length': 36}
2025-09-28 18:37:26 | INFO | {'message': 'I just found JavaScript! It was funny.', 'author': 'Charlie', 'timestamp': '2025-09-28 18:37:26', 'category': 'tech', 'sentiment': 0.49, 'keyword_mentioned': 'JavaScript', 'message_length': 38}
2025-09-28 18:37:31 | INFO | {'message': 'I just tried a trick! It was funny.', 'author': 'Alice', 'timestamp': '2025-09-28 18:37:31', 'category': 'other', 'sentiment': 0.17, 'keyword_mentioned': 'other', 'message_length': 35}
2025-09-28 18:37:36 | INFO | {'message': 'I just found an app! It was funny.', 'author': 'Eve', 'timestamp': '2025-09-28 18:37:36', 'category': 'other', 'sentiment': 0.88, 'keyword_mentioned': 'other', 'message_length': 34}
2025-09-28 18:37:41 | INFO | {'message': 'I just tried a movie! It was weird.', 'author': 'Bob', 'timestamp': '2025-09-28 18:37:41', 'category': 'entertainment', 'sentiment': 0.31, 'keyword_mentioned': 'movie', 'message_length': 35}
2025-09-28 18:37:46 | INFO | {'message': 'I just tried an app! It was funny.', 'author': 'Alice', 'timestamp': '2025-09-28 18:37:46', 'category': 'other', 'sentiment': 0.67, 'keyword_mentioned': 'other', 'message_length': 34}
2025-09-28 18:37:51 | INFO | {'message': 'I just shared a meme! It was weird.', 'author': 'Eve', 'timestamp': '2025-09-28 18:37:51', 'category': 'humor', 'sentiment': 0.71, 'keyword_mentioned': 'meme', 'message_length': 35}
2025-09-28 18:37:56 | INFO | {'message': 'I just loved JavaScript! It was weird.', 'author': 'Alice', 'timestamp': '2025-09-28 18:37:56', 'category': 'tech', 'sentiment': 0.77, 'keyword_mentioned': 'JavaScript', 'message_length': 38}
2025-09-28 18:38:01 | INFO | {'message': 'I just found a trick! It was weird.', 'author': 'Charlie', 'timestamp': '2025-09-28 18:38:01', 'category': 'other', 'sentiment': 0.19, 'keyword_mentioned': 'other', 'message_length': 35}
2025-09-28 18:38:06 | INFO | {'message': 'I just loved a meme! It was boring.', 'author': 'Charlie', 'timestamp': '2025-09-28 18:38:06', 'category': 'humor', 'sentiment': 0.81, 'keyword_mentioned': 'meme', 'message_length': 35}
2025-09-28 18:38:11 | INFO | {'message': 'I just found travel! It was exciting.', 'author': 'Eve', 'timestamp': '2025-09-28 18:38:11', 'category': 'travel', 'sentiment': 0.5, 'keyword_mentioned': 'travel', 'message_length': 37}
2025-09-28 18:38:16 | INFO | {'message': 'I just saw recipe! It was funny.', 'author': 'Alice', 'timestamp': '2025-09-28 18:38:16', 'category': 'food', 'sentiment': 0.41, 'keyword_mentioned': 'recipe', 'message_length': 32}
2025-09-28 18:38:21 | INFO | {'message': 'I just saw recipe! It was exciting.', 'author': 'Charlie', 'timestamp': '2025-09-28 18:38:21', 'category': 'food', 'sentiment': 0.12, 'keyword_mentioned': 'recipe', 'message_length': 35}
2025-09-28 18:38:26 | INFO | {'message': 'I just shared a meme! It was weird.', 'author': 'Eve', 'timestamp': '2025-09-28 18:38:26', 'category': 'humor', 'sentiment': 0.61, 'keyword_mentioned': 'meme', 'message_length': 35}
2025-09-28 18:38:31 | INFO | {'message': 'I just saw a trick! It was exciting.', 'author': 'Alice', 'timestamp': '2025-09-28 18:38:31', 'category': 'other', 'sentiment': 0.23, 'keyword_mentioned': 'other', 'message_length': 36}
2025-09-28 18:38:36 | INFO | {'message': 'I just saw an app! It was funny.', 'author': 'Eve', 'timestamp': '2025-09-28 18:38:36', 'category': 'other', 'sentiment': 0.27, 'keyword_mentioned': 'other', 'message_length': 32}
2025-09-28 18:38:41 | INFO | {'message': 'I just loved a story! It was weird.', 'author': 'Eve', 'timestamp': '2025-09-28 18:38:41', 'category': 'other', 'sentiment': 0.95, 'keyword_mentioned': 'other', 'message_length': 35}
2025-09-28 18:38:46 | INFO | {'message': 'I just tried a trick! It was weird.', 'author': 'Bob', 'timestamp': '2025-09-28 18:38:46', 'category': 'other', 'sentiment': 0.69, 'keyword_mentioned': 'other', 'message_length': 35}
2025-09-28 18:38:51 | INFO | {'message': 'I just shared an app! It was exciting.', 'author': 'Eve', 'timestamp': '2025-09-28 18:38:51', 'category': 'other', 'sentiment': 0.16, 'keyword_mentioned': 'other', 'message_length': 38}
2025-09-28 18:38:56 | INFO | {'message': 'I just found a movie! It was amazing.', 'author': 'Charlie', 'timestamp': '2025-09-28 18:38:56', 'category': 'entertainment', 'sentiment': 0.21, 'keyword_mentioned': 'movie', 'message_length': 37}
2025-09-28 18:39:01 | INFO | {'message': 'I just tried Python! It was funny.', 'author': 'Charlie', 'timestamp': '2025-09-28 18:39:01', 'category': 'tech', 'sentiment': 0.95, 'keyword_mentioned': 'Python', 'message_length': 34}
2025-09-28 18:39:06 | INFO | {'message': 'I just tried a movie! It was boring.', 'author': 'Bob', 'timestamp': '2025-09-28 18:39:06', 'category': 'entertainment', 'sentiment': 0.32, 'keyword_mentioned': 'movie', 'message_length': 36}
