2025-09-28 17:38:08 | INFO | Processed message: keyword='travel' at hour=17
2025-09-28 17:38:08 | INFO | Updating keyword count: hour=17, keyword=travel
2025-09-28 17:38:08 | INFO | Updated existing keyword record: travel at hour 17
2025-09-28 17:38:08 | INFO | Processed message: keyword='other' at hour=17
2025-09-28 17:38:08 | INFO | Updating keyword count: hour=17, keyword=other
2025-09-28 17:38:08 | INFO | Updated existing keyword record: other at hour 17
2025-09-28 17:38:08 | INFO | Processed message: keyword='other' at hour=17
2025-09-28 17:38:08 | INFO | Updating keyword count: hour=17, keyword=other
2025-09-28 17:38:08 | INFO | Updated existing keyword record: other at hour 17
2025-09-28 17:38:08 | INFO | {'message': 'I just found travel! It was amazing.', 'author': 'Eve', 'timestamp': '2025-09-28 17:38:08', 'category': 'travel', 'sentiment': 0.45, 'keyword_mentioned': 'travel', 'message_length': 36}
2025-09-28 17:38:08 | INFO | Processed message: keyword='meme' at hour=17
2025-09-28 17:38:08 | INFO | Updating keyword count: hour=17, keyword=meme
2025-09-28 17:38:08 | INFO | Updated existing keyword record: meme at hour 17
2025-09-28 17:38:08 | INFO | Processed message: keyword='other' at hour=17
2025-09-28 17:38:08 | INFO | Updating keyword count: hour=17, keyword=other
2025-09-28 17:38:08 | INFO | Updated existing keyword record: other at hour 17
2025-09-28 17:38:08 | INFO | Processed message: keyword='other' at hour=17
2025-09-28 17:38:08 | INFO | Updating keyword count: hour=17, keyword=other
2025-09-28 17:38:08 | INFO | Updated existing keyword record: other at hour 17
2025-09-28 17:38:08 | INFO | Processed message: keyword='Python' at hour=17
2025-09-28 17:38:08 | INFO | Updating keyword count: hour=17, keyword=Python
2025-09-28 17:38:08 | INFO | Updated existing keyword record: Python at hour 17
2025-09-28 17:38:08 | INFO | Processed message: keyword='travel' at hour=17
2025-09-28 17:38:08 | INFO | Updating keyword count: hour=17, keyword=travel
2025-09-28 17:38:08 | INFO | Updated existing keyword record: travel at hour 17
2025-09-28 17:38:08 | INFO | Processed message: keyword='other' at hour=17
2025-09-28 17:38:08 | INFO | Updating keyword count: hour=17, keyword=other
2025-09-28 17:38:08 | INFO | Updated existing keyword record: other at hour 17
2025-09-28 17:38:08 | INFO | Processed message: keyword='movie' at hour=17
2025-09-28 17:38:08 | INFO | Updating keyword count: hour=17, keyword=movie
2025-09-28 17:38:08 | INFO | Updated existing keyword record: movie at hour 17
2025-09-28 17:38:08 | INFO | Processed message: keyword='other' at hour=17
2025-09-28 17:38:08 | INFO | Updating keyword count: hour=17, keyword=other
2025-09-28 17:38:08 | INFO | Updated existing keyword record: other at hour 17
2025-09-28 17:38:08 | INFO | Processed message: keyword='travel' at hour=17
2025-09-28 17:38:08 | INFO | Updating keyword count: hour=17, keyword=travel
2025-09-28 17:38:08 | INFO | Updated existing keyword record: travel at hour 17
2025-09-28 17:38:08 | INFO | Processed message: keyword='JavaScript' at hour=17
2025-09-28 17:38:08 | INFO | Updating keyword count: hour=17, keyword=JavaScript
2025-09-28 17:38:08 | INFO | Updated existing keyword record: JavaScript at hour 17
2025-09-28 17:38:09 | INFO | Processed message: keyword='JavaScript' at hour=17
2025-09-28 17:38:09 | INFO | Updating keyword count: hour=17, keyword=JavaScript
2025-09-28 17:38:09 | INFO | Updated existing keyword record: JavaScript at hour 17
2025-09-28 17:38:09 | INFO | Processed message: keyword='game' at hour=17
2025-09-28 17:38:09 | INFO | Updating keyword count: hour=17, keyword=game
2025-09-28 17:38:09 | INFO | Updated existing keyword record: game at hour 17
2025-09-28 17:38:09 | INFO | Processed message: keyword='Python' at hour=17
2025-09-28 17:38:09 | INFO | Updating keyword count: hour=17, keyword=Python
2025-09-28 17:38:09 | INFO | Updated existing keyword record: Python at hour 17
2025-09-28 17:38:09 | INFO | Processed message: keyword='recipe' at hour=17
2025-09-28 17:38:09 | INFO | Updating keyword count: hour=17, keyword=recipe
2025-09-28 17:38:09 | INFO | Updated existing keyword record: recipe at hour 17
2025-09-28 17:38:09 | INFO | Processed message: keyword='movie' at hour=17
2025-09-28 17:38:09 | INFO | Updating keyword count: hour=17, keyword=movie
2025-09-28 17:38:09 | INFO | Updated existing keyword record: movie at hour 17
2025-09-28 17:38:09 | INFO | Processed message: keyword='movie' at hour=17
2025-09-28 17:38:09 | INFO | Updating keyword count: hour=17, keyword=movie
2025-09-28 17:38:09 | INFO | Updated existing keyword record: movie at hour 17
2025-09-28 17:38:09 | INFO | Processed message: keyword='other' at hour=17
2025-09-28 17:38:09 | INFO | Updating keyword count: hour=17, keyword=other
2025-09-28 17:38:09 | INFO | Updated existing keyword record: other at hour 17
2025-09-28 17:38:09 | INFO | Processed message: keyword='other' at hour=17
2025-09-28 17:38:09 | INFO | Updating keyword count: hour=17, keyword=other
2025-09-28 17:38:09 | INFO | Updated existing keyword record: other at hour 17
2025-09-28 17:38:09 | INFO | Processed message: keyword='movie' at hour=17
2025-09-28 17:38:09 | INFO | Updating keyword count: hour=17, keyword=movie
2025-09-28 17:38:09 | INFO | Updated existing keyword record: movie at hour 17
2025-09-28 17:38:09 | INFO | Processed message: keyword='other' at hour=17
2025-09-28 17:38:09 | INFO | Updating keyword count: hour=17, keyword=other
2025-09-28 17:38:09 | INFO | Updated existing keyword record: other at hour 17
2025-09-28 17:38:09 | INFO | Processed message: keyword='other' at hour=17
2025-09-28 17:38:09 | INFO | Updating keyword count: hour=17, keyword=other
2025-09-28 17:38:09 | INFO | Updated existing keyword record: other at hour 17
2025-09-28 17:38:09 | INFO | Processed message: keyword='travel' at hour=17
2025-09-28 17:38:09 | INFO | Updating keyword count: hour=17, keyword=travel
2025-09-28 17:38:09 | INFO | Updated existing keyword record: travel at hour 17
2025-09-28 17:38:09 | INFO | Processed message: keyword='travel' at hour=17
2025-09-28 17:38:09 | INFO | Updating keyword count: hour=17, keyword=travel
2025-09-28 17:38:09 | INFO | Updated existing keyword record: travel at hour 17
2025-09-28 17:38:09 | INFO | Processed message: keyword='other' at hour=17
2025-09-28 17:38:09 | INFO | Updating keyword count: hour=17, keyword=other
2025-09-28 17:38:09 | INFO | Updated existing keyword record: other at hour 17
2025-09-28 17:38:09 | INFO | Processed message: keyword='other' at hour=17
2025-09-28 17:38:09 | INFO | Updating keyword count: hour=17, keyword=other
2025-09-28 17:38:09 | INFO | Updated existing keyword record: other at hour 17
2025-09-28 17:38:09 | INFO | Processed message: keyword='movie' at hour=17
2025-09-28 17:38:09 | INFO | Updating keyword count: hour=17, keyword=movie
2025-09-28 17:38:09 | INFO | Updated existing keyword record: movie at hour 17
2025-09-28 17:38:09 | INFO | Processed message: keyword='travel' at hour=17
2025-09-28 17:38:09 | INFO | Updating keyword count: hour=17, keyword=travel
2025-09-28 17:38:09 | INFO | Updated existing keyword record: travel at hour 17
2025-09-28 17:38:09 | INFO | Processed message: keyword='recipe' at hour=17
2025-09-28 17:38:09 | INFO | Updating keyword count: hour=17, keyword=recipe
2025-09-28 17:38:09 | INFO | Updated existing keyword record: recipe at hour 17
2025-09-28 17:38:09 | INFO | Processed message: keyword='recipe' at hour=17
2025-09-28 17:38:09 | INFO | Updating keyword count: hour=17, keyword=recipe
2025-09-28 17:38:09 | INFO | Updated existing keyword record: recipe at hour 17
2025-09-28 17:38:09 | INFO | Processed message: keyword='Python' at hour=17
2025-09-28 17:38:09 | INFO | Updating keyword count: hour=17, keyword=Python
2025-09-28 17:38:09 | INFO | Updated existing keyword record: Python at hour 17
2025-09-28 17:38:09 | INFO | Processed message: keyword='meme' at hour=17
2025-09-28 17:38:09 | INFO | Updating keyword count: hour=17, keyword=meme
2025-09-28 17:38:09 | INFO | Updated existing keyword record: meme at hour 17
2025-09-28 17:38:09 | INFO | Processed message: keyword='recipe' at hour=17
2025-09-28 17:38:09 | INFO | Updating keyword count: hour=17, keyword=recipe
2025-09-28 17:38:09 | INFO | Updated existing keyword record: recipe at hour 17
2025-09-28 17:38:09 | INFO | Processed message: keyword='JavaScript' at hour=17
2025-09-28 17:38:09 | INFO | Updating keyword count: hour=17, keyword=JavaScript
2025-09-28 17:38:09 | INFO | Updated existing keyword record: JavaScript at hour 17
2025-09-28 17:38:09 | INFO | Processed message: keyword='movie' at hour=17
2025-09-28 17:38:09 | INFO | Updating keyword count: hour=17, keyword=movie
2025-09-28 17:38:09 | INFO | Updated existing keyword record: movie at hour 17
2025-09-28 17:38:09 | INFO | Processed message: keyword='travel' at hour=17
2025-09-28 17:38:09 | INFO | Updating keyword count: hour=17, keyword=travel
2025-09-28 17:38:09 | INFO | Updated existing keyword record: travel at hour 17
2025-09-28 17:38:09 | INFO | Processed message: keyword='other' at hour=17
2025-09-28 17:38:09 | INFO | Updating keyword count: hour=17, keyword=other
2025-09-28 17:38:09 | INFO | Updated existing keyword record: other at hour 17
2025-09-28 17:38:09 | INFO | Processed message: keyword='other' at hour=17
2025-09-28 17:38:09 | INFO | Updating keyword count: hour=17, keyword=other
2025-09-28 17:38:09 | INFO | Updated existing keyword record: other at hour 17
2025-09-28 17:38:09 | INFO | Processed message: keyword='Python' at hour=17
2025-09-28 17:38:09 | INFO | Updating keyword count: hour=17, keyword=Python
2025-09-28 17:38:09 | INFO | Updated existing keyword record: Python at hour 17
2025-09-28 17:38:09 | INFO | Processed message: keyword='other' at hour=17
2025-09-28 17:38:09 | INFO | Updating keyword count: hour=17, keyword=other
2025-09-28 17:38:09 | INFO | Updated existing keyword record: other at hour 17
2025-09-28 17:38:09 | INFO | Processed message: keyword='game' at hour=17
2025-09-28 17:38:09 | INFO | Updating keyword count: hour=17, keyword=game
2025-09-28 17:38:09 | INFO | Updated existing keyword record: game at hour 17
2025-09-28 17:38:09 | INFO | Processed message: keyword='movie' at hour=17
2025-09-28 17:38:09 | INFO | Updating keyword count: hour=17, keyword=movie
2025-09-28 17:38:09 | INFO | Updated existing keyword record: movie at hour 17
2025-09-28 17:38:09 | INFO | Processed message: keyword='travel' at hour=17
2025-09-28 17:38:09 | INFO | Updating keyword count: hour=17, keyword=travel
2025-09-28 17:38:09 | INFO | Updated existing keyword record: travel at hour 17
2025-09-28 17:38:09 | INFO | Processed message: keyword='other' at hour=17
2025-09-28 17:38:09 | INFO | Updating keyword count: hour=17, keyword=other
2025-09-28 17:38:09 | INFO | Updated existing keyword record: other at hour 17
2025-09-28 17:38:09 | INFO | Processed message: keyword='JavaScript' at hour=17
2025-09-28 17:38:09 | INFO | Updating keyword count: hour=17, keyword=JavaScript
2025-09-28 17:38:09 | INFO | Updated existing keyword record: JavaScript at hour 17
2025-09-28 17:38:09 | INFO | Processed message: keyword='other' at hour=17
2025-09-28 17:38:09 | INFO | Updating keyword count: hour=17, keyword=other
2025-09-28 17:38:09 | INFO | Updated existing keyword record: other at hour 17
2025-09-28 17:38:09 | INFO | Processed message: keyword='JavaScript' at hour=17
2025-09-28 17:38:09 | INFO | Updating keyword count: hour=17, keyword=JavaScript
2025-09-28 17:38:09 | INFO | Updated existing keyword record: JavaScript at hour 17
2025-09-28 17:38:09 | INFO | Processed message: keyword='Python' at hour=17
2025-09-28 17:38:09 | INFO | Updating keyword count: hour=17, keyword=Python
2025-09-28 17:38:09 | INFO | Updated existing keyword record: Python at hour 17
2025-09-28 17:38:09 | INFO | Processed message: keyword='Python' at hour=17
2025-09-28 17:38:09 | INFO | Updating keyword count: hour=17, keyword=Python
2025-09-28 17:38:09 | INFO | Updated existing keyword record: Python at hour 17
2025-09-28 17:38:09 | INFO | Processed message: keyword='meme' at hour=17
2025-09-28 17:38:09 | INFO | Updating keyword count: hour=17, keyword=meme
2025-09-28 17:38:09 | INFO | Updated existing keyword record: meme at hour 17
2025-09-28 17:38:09 | INFO | Processed message: keyword='recipe' at hour=17
2025-09-28 17:38:09 | INFO | Updating keyword count: hour=17, keyword=recipe
2025-09-28 17:38:09 | INFO | Updated existing keyword record: recipe at hour 17
2025-09-28 17:38:09 | INFO | Processed message: keyword='movie' at hour=17
2025-09-28 17:38:09 | INFO | Updating keyword count: hour=17, keyword=movie
2025-09-28 17:38:09 | INFO | Updated existing keyword record: movie at hour 17
2025-09-28 17:38:09 | INFO | Processed message: keyword='other' at hour=17
2025-09-28 17:38:09 | INFO | Updating keyword count: hour=17, keyword=other
2025-09-28 17:38:09 | INFO | Updated existing keyword record: other at hour 17
2025-09-28 17:38:09 | INFO | Processed message: keyword='movie' at hour=17
2025-09-28 17:38:09 | INFO | Updating keyword count: hour=17, keyword=movie
2025-09-28 17:38:09 | INFO | Updated existing keyword record: movie at hour 17
2025-09-28 17:38:09 | INFO | Processed message: keyword='game' at hour=17
2025-09-28 17:38:09 | INFO | Updating keyword count: hour=17, keyword=game
2025-09-28 17:38:09 | INFO | Updated existing keyword record: game at hour 17
2025-09-28 17:38:09 | INFO | Processed message: keyword='JavaScript' at hour=17
2025-09-28 17:38:09 | INFO | Updating keyword count: hour=17, keyword=JavaScript
2025-09-28 17:38:09 | INFO | Updated existing keyword record: JavaScript at hour 17
2025-09-28 17:38:09 | INFO | Processed message: keyword='meme' at hour=17
2025-09-28 17:38:09 | INFO | Updating keyword count: hour=17, keyword=meme
2025-09-28 17:38:09 | INFO | Updated existing keyword record: meme at hour 17
2025-09-28 17:38:09 | INFO | Processed message: keyword='JavaScript' at hour=17
2025-09-28 17:38:09 | INFO | Updating keyword count: hour=17, keyword=JavaScript
2025-09-28 17:38:09 | INFO | Updated existing keyword record: JavaScript at hour 17
2025-09-28 17:38:09 | INFO | Processed message: keyword='other' at hour=17
2025-09-28 17:38:09 | INFO | Updating keyword count: hour=17, keyword=other
2025-09-28 17:38:09 | INFO | Updated existing keyword record: other at hour 17
2025-09-28 17:38:09 | INFO | Processed message: keyword='other' at hour=17
2025-09-28 17:38:09 | INFO | Updating keyword count: hour=17, keyword=other
2025-09-28 17:38:09 | INFO | Updated existing keyword record: other at hour 17
2025-09-28 17:38:09 | INFO | Processed message: keyword='movie' at hour=17
2025-09-28 17:38:09 | INFO | Updating keyword count: hour=17, keyword=movie
2025-09-28 17:38:09 | INFO | Updated existing keyword record: movie at hour 17
2025-09-28 17:38:09 | INFO | Processed message: keyword='movie' at hour=17
2025-09-28 17:38:09 | INFO | Updating keyword count: hour=17, keyword=movie
2025-09-28 17:38:09 | INFO | Updated existing keyword record: movie at hour 17
2025-09-28 17:38:09 | INFO | Processed message: keyword='travel' at hour=17
2025-09-28 17:38:09 | INFO | Updating keyword count: hour=17, keyword=travel
2025-09-28 17:38:09 | INFO | Updated existing keyword record: travel at hour 17
2025-09-28 17:38:09 | INFO | Processed message: keyword='game' at hour=17
2025-09-28 17:38:09 | INFO | Updating keyword count: hour=17, keyword=game
2025-09-28 17:38:09 | INFO | Updated existing keyword record: game at hour 17
2025-09-28 17:38:09 | INFO | Processed message: keyword='other' at hour=17
2025-09-28 17:38:09 | INFO | Updating keyword count: hour=17, keyword=other
2025-09-28 17:38:09 | INFO | Updated existing keyword record: other at hour 17
2025-09-28 17:38:09 | INFO | Processed message: keyword='recipe' at hour=17
2025-09-28 17:38:09 | INFO | Updating keyword count: hour=17, keyword=recipe
2025-09-28 17:38:09 | INFO | Updated existing keyword record: recipe at hour 17
2025-09-28 17:38:09 | INFO | Processed message: keyword='other' at hour=17
2025-09-28 17:38:09 | INFO | Updating keyword count: hour=17, keyword=other
2025-09-28 17:38:09 | INFO | Updated existing keyword record: other at hour 17
2025-09-28 17:38:09 | INFO | Processed message: keyword='JavaScript' at hour=17
2025-09-28 17:38:09 | INFO | Updating keyword count: hour=17, keyword=JavaScript
2025-09-28 17:38:09 | INFO | Updated existing keyword record: JavaScript at hour 17
2025-09-28 17:38:09 | INFO | Processed message: keyword='meme' at hour=17
2025-09-28 17:38:09 | INFO | Updating keyword count: hour=17, keyword=meme
2025-09-28 17:38:09 | INFO | Updated existing keyword record: meme at hour 17
2025-09-28 17:38:09 | INFO | Processed message: keyword='recipe' at hour=17
2025-09-28 17:38:09 | INFO | Updating keyword count: hour=17, keyword=recipe
2025-09-28 17:38:09 | INFO | Updated existing keyword record: recipe at hour 17
2025-09-28 17:38:09 | INFO | Processed message: keyword='other' at hour=17
2025-09-28 17:38:09 | INFO | Updating keyword count: hour=17, keyword=other
2025-09-28 17:38:09 | INFO | Updated existing keyword record: other at hour 17
2025-09-28 17:38:09 | INFO | Processed message: keyword='other' at hour=17
2025-09-28 17:38:09 | INFO | Updating keyword count: hour=17, keyword=other
2025-09-28 17:38:09 | INFO | Updated existing keyword record: other at hour 17
2025-09-28 17:38:09 | INFO | Processed message: keyword='game' at hour=17
2025-09-28 17:38:09 | INFO | Updating keyword count: hour=17, keyword=game
2025-09-28 17:38:09 | INFO | Updated existing keyword record: game at hour 17
2025-09-28 17:38:09 | INFO | Processed message: keyword='recipe' at hour=17
2025-09-28 17:38:09 | INFO | Updating keyword count: hour=17, keyword=recipe
2025-09-28 17:38:09 | INFO | Updated existing keyword record: recipe at hour 17
2025-09-28 17:38:09 | INFO | Processed message: keyword='other' at hour=17
2025-09-28 17:38:09 | INFO | Updating keyword count: hour=17, keyword=other
2025-09-28 17:38:09 | INFO | Updated existing keyword record: other at hour 17
2025-09-28 17:38:09 | INFO | Processed message: keyword='other' at hour=17
2025-09-28 17:38:09 | INFO | Updating keyword count: hour=17, keyword=other
2025-09-28 17:38:09 | INFO | Updated existing keyword record: other at hour 17
2025-09-28 17:38:09 | INFO | Processed message: keyword='meme' at hour=17
2025-09-28 17:38:09 | INFO | Updating keyword count: hour=17, keyword=meme
2025-09-28 17:38:09 | INFO | Updated existing keyword record: meme at hour 17
2025-09-28 17:38:09 | INFO | Processed message: keyword='other' at hour=17
2025-09-28 17:38:09 | INFO | Updating keyword count: hour=17, keyword=other
2025-09-28 17:38:09 | INFO | Updated existing keyword record: other at hour 17
2025-09-28 17:38:09 | INFO | Processed message: keyword='recipe' at hour=17
2025-09-28 17:38:09 | INFO | Updating keyword count: hour=17, keyword=recipe
2025-09-28 17:38:09 | INFO | Updated existing keyword record: recipe at hour 17
2025-09-28 17:38:09 | INFO | Processed message: keyword='other' at hour=17
2025-09-28 17:38:09 | INFO | Updating keyword count: hour=17, keyword=other
2025-09-28 17:38:09 | INFO | Updated existing keyword record: other at hour 17
2025-09-28 17:38:09 | INFO | Processed message: keyword='meme' at hour=17
2025-09-28 17:38:09 | INFO | Updating keyword count: hour=17, keyword=meme
2025-09-28 17:38:09 | INFO | Updated existing keyword record: meme at hour 17
2025-09-28 17:38:09 | INFO | Processed message: keyword='recipe' at hour=17
2025-09-28 17:38:09 | INFO | Updating keyword count: hour=17, keyword=recipe
2025-09-28 17:38:09 | INFO | Updated existing keyword record: recipe at hour 17
2025-09-28 17:38:09 | INFO | Processed message: keyword='movie' at hour=17
2025-09-28 17:38:09 | INFO | Updating keyword count: hour=17, keyword=movie
2025-09-28 17:38:09 | INFO | Updated existing keyword record: movie at hour 17
2025-09-28 17:38:09 | INFO | Processed message: keyword='game' at hour=17
2025-09-28 17:38:09 | INFO | Updating keyword count: hour=17, keyword=game
2025-09-28 17:38:09 | INFO | Updated existing keyword record: game at hour 17
2025-09-28 17:38:09 | INFO | Processed message: keyword='JavaScript' at hour=17
2025-09-28 17:38:09 | INFO | Updating keyword count: hour=17, keyword=JavaScript
2025-09-28 17:38:09 | INFO | Updated existing keyword record: JavaScript at hour 17
2025-09-28 17:38:09 | INFO | Processed message: keyword='recipe' at hour=17
2025-09-28 17:38:09 | INFO | Updating keyword count: hour=17, keyword=recipe
2025-09-28 17:38:09 | INFO | Updated existing keyword record: recipe at hour 17
2025-09-28 17:38:09 | INFO | Processed message: keyword='movie' at hour=17
2025-09-28 17:38:09 | INFO | Updating keyword count: hour=17, keyword=movie
2025-09-28 17:38:09 | INFO | Updated existing keyword record: movie at hour 17
2025-09-28 17:38:09 | INFO | Processed message: keyword='Python' at hour=17
2025-09-28 17:38:09 | INFO | Updating keyword count: hour=17, keyword=Python
2025-09-28 17:38:09 | INFO | Updated existing keyword record: Python at hour 17
2025-09-28 17:38:09 | INFO | Processed message: keyword='travel' at hour=17
2025-09-28 17:38:09 | INFO | Updating keyword count: hour=17, keyword=travel
2025-09-28 17:38:09 | INFO | Updated existing keyword record: travel at hour 17
2025-09-28 17:38:09 | INFO | TRY/FINALLY: Keyword Consumer shutting down.
2025-09-28 17:38:13 | INFO | {'message': 'I just found a movie! It was boring.', 'author': 'Charlie', 'timestamp': '2025-09-28 17:38:13', 'category': 'entertainment', 'sentiment': 0.32, 'keyword_mentioned': 'movie', 'message_length': 36}
2025-09-28 17:38:18 | INFO | {'message': 'I just tried JavaScript! It was exciting.', 'author': 'Eve', 'timestamp': '2025-09-28 17:38:18', 'category': 'tech', 'sentiment': 0.46, 'keyword_mentioned': 'JavaScript', 'message_length': 41}
